2024-04-24 16:46:31,969 - INFO - Executing query...
2024-04-24 16:46:31,969 - INFO - SELECT e_normal_element_name FROM NORMALS.valid_normals_elements 
2024-04-24 16:46:32,031 - INFO - Query execution complete.
2024-04-24 16:46:32,031 - INFO - Executing query...
2024-04-24 16:46:32,031 - INFO - SELECT e_normal_element_name FROM NORMALS_1981.valid_normals_elements 
2024-04-24 16:46:32,102 - INFO - Query execution complete.
2024-04-24 16:46:32,105 - INFO - Executing query...
2024-04-24 16:46:32,106 - INFO - SELECT e_normal_element_name FROM NORMALS_1991.valid_normals_elements 
2024-04-24 16:46:32,186 - INFO - Query execution complete.
2024-04-24 16:46:47,367 - INFO - Executing query...
2024-04-24 16:46:47,367 - INFO - SELECT e_normal_element_name FROM NORMALS.valid_normals_elements 
2024-04-24 16:46:47,416 - INFO - Query execution complete.
2024-04-24 16:46:47,425 - INFO - Executing query...
2024-04-24 16:46:47,425 - INFO - SELECT e_normal_element_name FROM NORMALS_1981.valid_normals_elements 
2024-04-24 16:46:47,480 - INFO - Query execution complete.
2024-04-24 16:46:47,483 - INFO - Executing query...
2024-04-24 16:46:47,483 - INFO - SELECT e_normal_element_name FROM NORMALS_1991.valid_normals_elements 
2024-04-24 16:46:47,556 - INFO - Query execution complete.
2024-04-24 16:46:48,022 - INFO - Executing query...
2024-04-24 16:46:48,022 - INFO - SELECT NORMAL_ID, E_NORMAL_ELEMENT_NAME FROM NORMALS_1991.valid_normals_elements 
2024-04-24 16:46:48,092 - INFO - Query execution complete.
2024-04-24 16:46:48,102 - INFO - Executing query...
2024-04-24 16:46:48,102 - INFO - SELECT VALUE, FIRST_OCCURRENCE_DATE, NORMAL_CODE FROM NORMALS_1981.NORMALS_DATA WHERE stn_id = 3921 AND normal_id = 42 AND month = 1
2024-04-24 16:46:48,123 - INFO - Query execution complete.
2024-04-24 16:46:48,159 - INFO - Executing query...
2024-04-24 16:46:48,159 - INFO - SELECT NORMAL_ID, E_NORMAL_ELEMENT_NAME FROM NORMALS_1991.valid_normals_elements 
2024-04-24 16:46:48,228 - INFO - Query execution complete.
2024-04-24 16:46:48,239 - INFO - Executing query...
2024-04-24 16:46:48,239 - INFO - SELECT VALUE, FIRST_OCCURRENCE_DATE, NORMAL_CODE FROM NORMALS_1981.NORMALS_DATA WHERE stn_id = 3921 AND normal_id = 42 AND month = 2
2024-04-24 16:46:48,261 - INFO - Query execution complete.
2024-04-24 16:46:48,267 - INFO - Executing query...
2024-04-24 16:46:48,267 - INFO - SELECT NORMAL_ID, E_NORMAL_ELEMENT_NAME FROM NORMALS_1991.valid_normals_elements 
2024-04-24 16:46:48,338 - INFO - Query execution complete.
2024-04-24 16:46:48,354 - INFO - Executing query...
2024-04-24 16:46:48,354 - INFO - SELECT VALUE, FIRST_OCCURRENCE_DATE, NORMAL_CODE FROM NORMALS_1981.NORMALS_DATA WHERE stn_id = 3921 AND normal_id = 42 AND month = 3
2024-04-24 16:46:48,375 - INFO - Query execution complete.
2024-04-24 16:46:48,380 - INFO - Executing query...
2024-04-24 16:46:48,380 - INFO - SELECT NORMAL_ID, E_NORMAL_ELEMENT_NAME FROM NORMALS_1991.valid_normals_elements 
2024-04-24 16:46:48,457 - INFO - Query execution complete.
2024-04-24 16:46:48,477 - INFO - Executing query...
2024-04-24 16:46:48,477 - INFO - SELECT VALUE, FIRST_OCCURRENCE_DATE, NORMAL_CODE FROM NORMALS_1981.NORMALS_DATA WHERE stn_id = 3921 AND normal_id = 42 AND month = 4
2024-04-24 16:46:48,498 - INFO - Query execution complete.
2024-04-24 16:46:48,509 - INFO - Executing query...
2024-04-24 16:46:48,511 - INFO - SELECT NORMAL_ID, E_NORMAL_ELEMENT_NAME FROM NORMALS_1991.valid_normals_elements 
2024-04-24 16:46:48,593 - INFO - Query execution complete.
2024-04-24 16:46:48,620 - INFO - Executing query...
2024-04-24 16:46:48,620 - INFO - SELECT VALUE, FIRST_OCCURRENCE_DATE, NORMAL_CODE FROM NORMALS_1981.NORMALS_DATA WHERE stn_id = 3921 AND normal_id = 42 AND month = 5
2024-04-24 16:46:48,638 - INFO - Query execution complete.
2024-04-24 16:46:48,671 - INFO - Executing query...
2024-04-24 16:46:48,677 - INFO - SELECT NORMAL_ID, E_NORMAL_ELEMENT_NAME FROM NORMALS_1991.valid_normals_elements 
2024-04-24 16:46:48,744 - INFO - Query execution complete.
2024-04-24 16:46:48,766 - INFO - Executing query...
2024-04-24 16:46:48,769 - INFO - SELECT VALUE, FIRST_OCCURRENCE_DATE, NORMAL_CODE FROM NORMALS_1981.NORMALS_DATA WHERE stn_id = 3921 AND normal_id = 42 AND month = 6
2024-04-24 16:46:48,790 - INFO - Query execution complete.
2024-04-24 16:46:48,799 - INFO - Executing query...
2024-04-24 16:46:48,799 - INFO - SELECT NORMAL_ID, E_NORMAL_ELEMENT_NAME FROM NORMALS_1991.valid_normals_elements 
2024-04-24 16:46:48,877 - INFO - Query execution complete.
2024-04-24 16:46:48,897 - INFO - Executing query...
2024-04-24 16:46:48,902 - INFO - SELECT VALUE, FIRST_OCCURRENCE_DATE, NORMAL_CODE FROM NORMALS_1981.NORMALS_DATA WHERE stn_id = 3921 AND normal_id = 42 AND month = 7
2024-04-24 16:46:48,923 - INFO - Query execution complete.
2024-04-24 16:46:48,931 - INFO - Executing query...
2024-04-24 16:46:48,931 - INFO - SELECT NORMAL_ID, E_NORMAL_ELEMENT_NAME FROM NORMALS_1991.valid_normals_elements 
2024-04-24 16:46:49,007 - INFO - Query execution complete.
2024-04-24 16:46:49,028 - INFO - Executing query...
2024-04-24 16:46:49,028 - INFO - SELECT VALUE, FIRST_OCCURRENCE_DATE, NORMAL_CODE FROM NORMALS_1981.NORMALS_DATA WHERE stn_id = 3921 AND normal_id = 42 AND month = 8
2024-04-24 16:46:49,045 - INFO - Query execution complete.
2024-04-24 16:46:49,054 - INFO - Executing query...
2024-04-24 16:46:49,054 - INFO - SELECT NORMAL_ID, E_NORMAL_ELEMENT_NAME FROM NORMALS_1991.valid_normals_elements 
2024-04-24 16:46:49,125 - INFO - Query execution complete.
2024-04-24 16:46:49,144 - INFO - Executing query...
2024-04-24 16:46:49,144 - INFO - SELECT VALUE, FIRST_OCCURRENCE_DATE, NORMAL_CODE FROM NORMALS_1981.NORMALS_DATA WHERE stn_id = 3921 AND normal_id = 42 AND month = 9
2024-04-24 16:46:49,168 - INFO - Query execution complete.
2024-04-24 16:46:49,179 - INFO - Executing query...
2024-04-24 16:46:49,179 - INFO - SELECT NORMAL_ID, E_NORMAL_ELEMENT_NAME FROM NORMALS_1991.valid_normals_elements 
2024-04-24 16:46:49,242 - INFO - Query execution complete.
2024-04-24 16:46:49,272 - INFO - Executing query...
2024-04-24 16:46:49,272 - INFO - SELECT VALUE, FIRST_OCCURRENCE_DATE, NORMAL_CODE FROM NORMALS_1981.NORMALS_DATA WHERE stn_id = 3921 AND normal_id = 42 AND month = 10
2024-04-24 16:46:49,287 - INFO - Query execution complete.
2024-04-24 16:46:49,293 - INFO - Executing query...
2024-04-24 16:46:49,293 - INFO - SELECT NORMAL_ID, E_NORMAL_ELEMENT_NAME FROM NORMALS_1991.valid_normals_elements 
2024-04-24 16:46:49,371 - INFO - Query execution complete.
2024-04-24 16:46:49,388 - INFO - Executing query...
2024-04-24 16:46:49,388 - INFO - SELECT VALUE, FIRST_OCCURRENCE_DATE, NORMAL_CODE FROM NORMALS_1981.NORMALS_DATA WHERE stn_id = 3921 AND normal_id = 42 AND month = 11
2024-04-24 16:46:49,409 - INFO - Query execution complete.
2024-04-24 16:46:49,418 - INFO - Executing query...
2024-04-24 16:46:49,420 - INFO - SELECT NORMAL_ID, E_NORMAL_ELEMENT_NAME FROM NORMALS_1991.valid_normals_elements 
2024-04-24 16:46:49,491 - INFO - Query execution complete.
2024-04-24 16:46:49,512 - INFO - Executing query...
2024-04-24 16:46:49,512 - INFO - SELECT VALUE, FIRST_OCCURRENCE_DATE, NORMAL_CODE FROM NORMALS_1981.NORMALS_DATA WHERE stn_id = 3921 AND normal_id = 42 AND month = 12
2024-04-24 16:46:49,537 - INFO - Query execution complete.
2024-04-24 16:46:49,544 - INFO - Executing query...
2024-04-24 16:46:49,544 - INFO - SELECT NORMAL_ID, E_NORMAL_ELEMENT_NAME FROM NORMALS_1991.valid_normals_elements 
2024-04-24 16:46:49,625 - INFO - Query execution complete.
2024-04-24 16:46:49,644 - INFO - Executing query...
2024-04-24 16:46:49,644 - INFO - SELECT VALUE, FIRST_OCCURRENCE_DATE, NORMAL_CODE FROM NORMALS_1981.NORMALS_DATA WHERE stn_id = 3921 AND normal_id = 42 AND month = 13
2024-04-24 16:46:49,661 - INFO - Query execution complete.
2024-04-24 16:49:19,210 - INFO - Executing query...
2024-04-24 16:49:19,210 - INFO - SELECT e_normal_element_name FROM NORMALS.valid_normals_elements 
2024-04-24 16:49:19,264 - INFO - Query execution complete.
2024-04-24 16:49:19,266 - INFO - Executing query...
2024-04-24 16:49:19,266 - INFO - SELECT e_normal_element_name FROM NORMALS_1981.valid_normals_elements 
2024-04-24 16:49:19,326 - INFO - Query execution complete.
2024-04-24 16:49:19,329 - INFO - Executing query...
2024-04-24 16:49:19,329 - INFO - SELECT e_normal_element_name FROM NORMALS_1991.valid_normals_elements 
2024-04-24 16:49:19,407 - INFO - Query execution complete.
2024-04-24 16:49:19,922 - INFO - Executing query...
2024-04-24 16:49:19,922 - INFO - SELECT NORMAL_ID, E_NORMAL_ELEMENT_NAME FROM NORMALS_1991.valid_normals_elements 
2024-04-24 16:49:19,993 - INFO - Query execution complete.
2024-04-24 16:49:20,009 - INFO - Executing query...
2024-04-24 16:49:20,009 - INFO - SELECT VALUE, FIRST_OCCURRENCE_DATE, NORMAL_CODE FROM NORMALS_1991.NORMALS_DATA WHERE stn_id = 152000000 AND normal_id = 1 AND month = 1
2024-04-24 16:49:20,030 - INFO - Query execution complete.
2024-04-24 16:49:20,041 - INFO - Executing query...
2024-04-24 16:49:20,041 - INFO - SELECT NORMAL_ID, E_NORMAL_ELEMENT_NAME FROM NORMALS_1991.valid_normals_elements 
2024-04-24 16:49:20,107 - INFO - Query execution complete.
2024-04-24 16:49:20,124 - INFO - Executing query...
2024-04-24 16:49:20,124 - INFO - SELECT VALUE, FIRST_OCCURRENCE_DATE, NORMAL_CODE FROM NORMALS_1991.NORMALS_DATA WHERE stn_id = 152000000 AND normal_id = 1 AND month = 2
2024-04-24 16:49:20,154 - INFO - Query execution complete.
2024-04-24 16:49:20,154 - INFO - Executing query...
2024-04-24 16:49:20,170 - INFO - SELECT NORMAL_ID, E_NORMAL_ELEMENT_NAME FROM NORMALS_1991.valid_normals_elements 
2024-04-24 16:49:20,239 - INFO - Query execution complete.
2024-04-24 16:49:20,266 - INFO - Executing query...
2024-04-24 16:49:20,266 - INFO - SELECT VALUE, FIRST_OCCURRENCE_DATE, NORMAL_CODE FROM NORMALS_1991.NORMALS_DATA WHERE stn_id = 152000000 AND normal_id = 1 AND month = 3
2024-04-24 16:49:20,287 - INFO - Query execution complete.
2024-04-24 16:49:20,287 - INFO - Executing query...
2024-04-24 16:49:20,287 - INFO - SELECT NORMAL_ID, E_NORMAL_ELEMENT_NAME FROM NORMALS_1991.valid_normals_elements 
2024-04-24 16:49:20,360 - INFO - Query execution complete.
2024-04-24 16:49:20,377 - INFO - Executing query...
2024-04-24 16:49:20,377 - INFO - SELECT VALUE, FIRST_OCCURRENCE_DATE, NORMAL_CODE FROM NORMALS_1991.NORMALS_DATA WHERE stn_id = 152000000 AND normal_id = 1 AND month = 4
2024-04-24 16:49:20,409 - INFO - Query execution complete.
2024-04-24 16:49:20,414 - INFO - Executing query...
2024-04-24 16:49:20,414 - INFO - SELECT NORMAL_ID, E_NORMAL_ELEMENT_NAME FROM NORMALS_1991.valid_normals_elements 
2024-04-24 16:49:20,494 - INFO - Query execution complete.
2024-04-24 16:49:20,503 - INFO - Executing query...
2024-04-24 16:49:20,503 - INFO - SELECT VALUE, FIRST_OCCURRENCE_DATE, NORMAL_CODE FROM NORMALS_1991.NORMALS_DATA WHERE stn_id = 152000000 AND normal_id = 1 AND month = 5
2024-04-24 16:49:20,535 - INFO - Query execution complete.
2024-04-24 16:49:20,540 - INFO - Executing query...
2024-04-24 16:49:20,540 - INFO - SELECT NORMAL_ID, E_NORMAL_ELEMENT_NAME FROM NORMALS_1991.valid_normals_elements 
2024-04-24 16:49:20,614 - INFO - Query execution complete.
2024-04-24 16:49:20,640 - INFO - Executing query...
2024-04-24 16:49:20,640 - INFO - SELECT VALUE, FIRST_OCCURRENCE_DATE, NORMAL_CODE FROM NORMALS_1991.NORMALS_DATA WHERE stn_id = 152000000 AND normal_id = 1 AND month = 6
2024-04-24 16:49:20,649 - INFO - Query execution complete.
2024-04-24 16:49:20,666 - INFO - Executing query...
2024-04-24 16:49:20,666 - INFO - SELECT NORMAL_ID, E_NORMAL_ELEMENT_NAME FROM NORMALS_1991.valid_normals_elements 
2024-04-24 16:49:20,743 - INFO - Query execution complete.
2024-04-24 16:49:20,757 - INFO - Executing query...
2024-04-24 16:49:20,757 - INFO - SELECT VALUE, FIRST_OCCURRENCE_DATE, NORMAL_CODE FROM NORMALS_1991.NORMALS_DATA WHERE stn_id = 152000000 AND normal_id = 1 AND month = 7
2024-04-24 16:49:20,775 - INFO - Query execution complete.
2024-04-24 16:49:20,791 - INFO - Executing query...
2024-04-24 16:49:20,791 - INFO - SELECT NORMAL_ID, E_NORMAL_ELEMENT_NAME FROM NORMALS_1991.valid_normals_elements 
2024-04-24 16:49:20,853 - INFO - Query execution complete.
2024-04-24 16:49:20,884 - INFO - Executing query...
2024-04-24 16:49:20,884 - INFO - SELECT VALUE, FIRST_OCCURRENCE_DATE, NORMAL_CODE FROM NORMALS_1991.NORMALS_DATA WHERE stn_id = 152000000 AND normal_id = 1 AND month = 8
2024-04-24 16:49:20,900 - INFO - Query execution complete.
2024-04-24 16:49:20,913 - INFO - Executing query...
2024-04-24 16:49:20,913 - INFO - SELECT NORMAL_ID, E_NORMAL_ELEMENT_NAME FROM NORMALS_1991.valid_normals_elements 
2024-04-24 16:49:20,988 - INFO - Query execution complete.
2024-04-24 16:49:20,996 - INFO - Executing query...
2024-04-24 16:49:20,996 - INFO - SELECT VALUE, FIRST_OCCURRENCE_DATE, NORMAL_CODE FROM NORMALS_1991.NORMALS_DATA WHERE stn_id = 152000000 AND normal_id = 1 AND month = 9
2024-04-24 16:49:21,027 - INFO - Query execution complete.
2024-04-24 16:49:21,028 - INFO - Executing query...
2024-04-24 16:49:21,028 - INFO - SELECT NORMAL_ID, E_NORMAL_ELEMENT_NAME FROM NORMALS_1991.valid_normals_elements 
2024-04-24 16:49:21,109 - INFO - Query execution complete.
2024-04-24 16:49:21,123 - INFO - Executing query...
2024-04-24 16:49:21,123 - INFO - SELECT VALUE, FIRST_OCCURRENCE_DATE, NORMAL_CODE FROM NORMALS_1991.NORMALS_DATA WHERE stn_id = 152000000 AND normal_id = 1 AND month = 10
2024-04-24 16:49:21,143 - INFO - Query execution complete.
2024-04-24 16:49:21,154 - INFO - Executing query...
2024-04-24 16:49:21,154 - INFO - SELECT NORMAL_ID, E_NORMAL_ELEMENT_NAME FROM NORMALS_1991.valid_normals_elements 
2024-04-24 16:49:21,217 - INFO - Query execution complete.
2024-04-24 16:49:21,249 - INFO - Executing query...
2024-04-24 16:49:21,249 - INFO - SELECT VALUE, FIRST_OCCURRENCE_DATE, NORMAL_CODE FROM NORMALS_1991.NORMALS_DATA WHERE stn_id = 152000000 AND normal_id = 1 AND month = 11
2024-04-24 16:49:21,270 - INFO - Query execution complete.
2024-04-24 16:49:21,270 - INFO - Executing query...
2024-04-24 16:49:21,270 - INFO - SELECT NORMAL_ID, E_NORMAL_ELEMENT_NAME FROM NORMALS_1991.valid_normals_elements 
2024-04-24 16:49:21,357 - INFO - Query execution complete.
2024-04-24 16:49:21,376 - INFO - Executing query...
2024-04-24 16:49:21,381 - INFO - SELECT VALUE, FIRST_OCCURRENCE_DATE, NORMAL_CODE FROM NORMALS_1991.NORMALS_DATA WHERE stn_id = 152000000 AND normal_id = 1 AND month = 12
2024-04-24 16:49:21,392 - INFO - Query execution complete.
2024-04-24 16:49:21,407 - INFO - Executing query...
2024-04-24 16:49:21,407 - INFO - SELECT NORMAL_ID, E_NORMAL_ELEMENT_NAME FROM NORMALS_1991.valid_normals_elements 
2024-04-24 16:49:21,471 - INFO - Query execution complete.
2024-04-24 16:49:21,503 - INFO - Executing query...
2024-04-24 16:49:21,503 - INFO - SELECT VALUE, FIRST_OCCURRENCE_DATE, NORMAL_CODE FROM NORMALS_1991.NORMALS_DATA WHERE stn_id = 152000000 AND normal_id = 1 AND month = 13
2024-04-24 16:49:21,523 - INFO - Query execution complete.
